{"name": "test_compare", "status": "failed", "statusDetails": {"message": "AssertionError: assert <test_explana...at 0x086A9FD0> == <test_explanat...at 0x086A9EF0>\n  -<test_explanation.Foo object at 0x086A9FD0>\n  +<test_explanation.Foo object at 0x086A9EF0>", "trace": "def test_compare():\n        f1 = Foo(1)\n        f2 = Foo(2)\n>       assert f1 == f2\nE       assert <test_explana...at 0x086A9FD0> == <test_explanat...at 0x086A9EF0>\nE         -<test_explanation.Foo object at 0x086A9FD0>\nE         +<test_explanation.Foo object at 0x086A9EF0>\n\ntests\\test_log\\test_explanation.py:21: AssertionError"}, "attachments": [{"name": "log", "source": "28aaceea-5e1e-424e-bbbb-1e64a8204db5-attachment.txt", "type": "text/plain"}, {"name": "stdout", "source": "e5c2ed08-a1e6-4c00-8855-173806a99431-attachment.txt", "type": "text/plain"}, {"name": "stderr", "source": "24343499-fcc9-46c6-8be5-8726368f6c52-attachment.txt", "type": "text/plain"}], "start": 1557774042659, "stop": 1557774042659, "uuid": "b6a34f81-cb9b-4c35-b984-e28c5d67e259", "historyId": "2483b8cc6cbf7ab871f6d3ed99f0cca6", "fullName": "tests.test_log.test_explanation#test_compare", "labels": [{"name": "parentSuite", "value": "tests.test_log"}, {"name": "suite", "value": "test_explanation"}, {"name": "host", "value": "HenryChang"}, {"name": "thread", "value": "11320-MainThread"}, {"name": "framework", "value": "pytest"}, {"name": "language", "value": "cpython3"}, {"name": "package", "value": "tests.test_log.test_explanation"}]}